mobile-app/android/app/build/intermediates/manifest_merge_blame_file/debug/manifest-merger-blame-debug-report.txt
1<?xml version="1.0" encoding="utf-8"?>
2<manifest xmlns:android="http://schemas.android.com/apk/res/android"
3    package="com.sih.rockfall"
4    android:versionCode="1"
5    android:versionName="1.0.0" >
6
7    <uses-sdk
8        android:minSdkVersion="23"
9        android:targetSdkVersion="34" />
10
11    <uses-permission android:name="android.permission.SYSTEM_ALERT_WINDOW" />
11-->src/main/AndroidManifest.xml:8:3-75
11-->src/main/AndroidManifest.xml:8:20-73
12    <uses-permission android:name="android.permission.ACCESS_COARSE_LOCATION" />
12-->src/main/AndroidManifest.xml:2:3-78
12-->src/main/AndroidManifest.xml:2:20-76
13    <uses-permission android:name="android.permission.ACCESS_FINE_LOCATION" />
13-->src/main/AndroidManifest.xml:3:3-76
13-->src/main/AndroidManifest.xml:3:20-74
14    <uses-permission android:name="android.permission.CAMERA" />
14-->src/main/AndroidManifest.xml:4:3-62
14-->src/main/AndroidManifest.xml:4:20-60
15    <uses-permission android:name="android.permission.INTERNET" />
15-->src/main/AndroidManifest.xml:5:3-64
15-->src/main/AndroidManifest.xml:5:20-62
16    <uses-permission android:name="android.permission.READ_EXTERNAL_STORAGE" />
16-->src/main/AndroidManifest.xml:6:3-77
16-->src/main/AndroidManifest.xml:6:20-75
17    <uses-permission android:name="android.permission.RECORD_AUDIO" />
17-->src/main/AndroidManifest.xml:7:3-68
17-->src/main/AndroidManifest.xml:7:20-66
18    <uses-permission android:name="android.permission.VIBRATE" />
18-->src/main/AndroidManifest.xml:9:3-63
18-->src/main/AndroidManifest.xml:9:20-61
19    <uses-permission android:name="android.permission.WRITE_EXTERNAL_STORAGE" />
19-->src/main/AndroidManifest.xml:10:3-78
19-->src/main/AndroidManifest.xml:10:20-76
20
21    <queries>
21-->src/main/AndroidManifest.xml:11:3-17:13
22        <intent>
22-->src/main/AndroidManifest.xml:12:5-16:14
23            <action android:name="android.intent.action.VIEW" />
23-->src/main/AndroidManifest.xml:13:7-58
23-->src/main/AndroidManifest.xml:13:15-56
24
25            <category android:name="android.intent.category.BROWSABLE" />
25-->src/main/AndroidManifest.xml:14:7-67
25-->src/main/AndroidManifest.xml:14:17-65
26
27            <data android:scheme="https" />
27-->src/main/AndroidManifest.xml:15:7-37
27-->src/main/AndroidManifest.xml:15:13-35
28        </intent>
29        <intent>
29-->[:react-native-webview] AndroidManifest.xml:8:9-10:18
30            <action android:name="org.chromium.intent.action.PAY" />
30-->[:react-native-webview] AndroidManifest.xml:9:13-69
30-->[:react-native-webview] AndroidManifest.xml:9:21-66
31        </intent>
32        <intent>
32-->[:react-native-webview] AndroidManifest.xml:11:9-13:18
33            <action android:name="org.chromium.intent.action.IS_READY_TO_PAY" />
33-->[:react-native-webview] AndroidManifest.xml:12:13-81
33-->[:react-native-webview] AndroidManifest.xml:12:21-78
34        </intent>
35        <intent>
35-->[:react-native-webview] AndroidManifest.xml:14:9-16:18
36            <action android:name="org.chromium.intent.action.UPDATE_PAYMENT_DETAILS" />
36-->[:react-native-webview] AndroidManifest.xml:15:13-88
36-->[:react-native-webview] AndroidManifest.xml:15:21-85
37        </intent> <!-- Query open documents -->
38        <intent>
38-->[:expo-file-system] AndroidManifest.xml:15:9-17:18
39            <action android:name="android.intent.action.OPEN_DOCUMENT_TREE" />
39-->[:expo-file-system] AndroidManifest.xml:16:13-79
39-->[:expo-file-system] AndroidManifest.xml:16:21-76
40        </intent>
41        <intent>
41-->[:expo-image-picker] AndroidManifest.xml:15:9-19:18
42
43            <!-- Required for picking images from the camera roll if targeting API 30 -->
44            <action android:name="android.media.action.IMAGE_CAPTURE" />
44-->[:expo-image-picker] AndroidManifest.xml:18:13-73
44-->[:expo-image-picker] AndroidManifest.xml:18:21-70
45        </intent>
46        <intent>
46-->[:expo-image-picker] AndroidManifest.xml:20:9-24:18
47
48            <!-- Required for picking images from the camera if targeting API 30 -->
49            <action android:name="android.media.action.ACTION_VIDEO_CAPTURE" />
49-->[:expo-image-picker] AndroidManifest.xml:23:13-80
49-->[:expo-image-picker] AndroidManifest.xml:23:21-77
50        </intent>
51        <intent>
51-->[androidx.camera:camera-extensions:1.4.0-beta02] AndroidManifest.xml:23:9-25:18
52            <action android:name="androidx.camera.extensions.action.VENDOR_ACTION" />
52-->[androidx.camera:camera-extensions:1.4.0-beta02] AndroidManifest.xml:24:13-86
52-->[androidx.camera:camera-extensions:1.4.0-beta02] AndroidManifest.xml:24:21-83
53        </intent>
54        <intent>
54-->[com.github.CanHub:Android-Image-Cropper:4.3.1] AndroidManifest.xml:10:9-16:18
55            <action android:name="android.intent.action.GET_CONTENT" />
55-->[com.github.CanHub:Android-Image-Cropper:4.3.1] AndroidManifest.xml:11:13-72
55-->[com.github.CanHub:Android-Image-Cropper:4.3.1] AndroidManifest.xml:11:21-69
56
57            <category android:name="android.intent.category.OPENABLE" />
57-->[com.github.CanHub:Android-Image-Cropper:4.3.1] AndroidManifest.xml:13:13-73
57-->[com.github.CanHub:Android-Image-Cropper:4.3.1] AndroidManifest.xml:13:23-70
58
59            <data android:mimeType="*/*" />
59-->src/main/AndroidManifest.xml:15:7-37
60        </intent> <!-- Needs to be explicitly declared on Android R+ -->
61        <package android:name="com.google.android.apps.maps" />
61-->[com.google.android.gms:play-services-maps:18.2.0] AndroidManifest.xml:33:9-64
61-->[com.google.android.gms:play-services-maps:18.2.0] AndroidManifest.xml:33:18-61
62    </queries>
63
64    <uses-permission android:name="android.permission.ACCESS_WIFI_STATE" />
64-->[:expo-network] AndroidManifest.xml:7:5-76
64-->[:expo-network] AndroidManifest.xml:7:22-73
65    <uses-permission android:name="android.permission.ACCESS_NETWORK_STATE" />
65-->[:expo-network] AndroidManifest.xml:8:5-79
65-->[:expo-network] AndroidManifest.xml:8:22-76
66    <uses-permission android:name="android.permission.RECEIVE_BOOT_COMPLETED" />
66-->[:expo-notifications] AndroidManifest.xml:7:5-81
66-->[:expo-notifications] AndroidManifest.xml:7:22-78
67    <uses-permission android:name="android.permission.POST_NOTIFICATIONS" />
67-->[:expo-notifications] AndroidManifest.xml:8:5-77
67-->[:expo-notifications] AndroidManifest.xml:8:22-74
68
69    <uses-feature
69-->[com.google.android:cameraview:1.0.0] AndroidManifest.xml:25:5-27:36
70        android:name="android.hardware.camera"
70-->[com.google.android:cameraview:1.0.0] AndroidManifest.xml:26:9-47
71        android:required="false" />
71-->[com.google.android:cameraview:1.0.0] AndroidManifest.xml:27:9-33
72    <uses-feature
72-->[com.google.android:cameraview:1.0.0] AndroidManifest.xml:28:5-30:36
73        android:name="android.hardware.camera.autofocus"
73-->[com.google.android:cameraview:1.0.0] AndroidManifest.xml:29:9-57
74        android:required="false" />
74-->[com.google.android:cameraview:1.0.0] AndroidManifest.xml:30:9-33
75    <uses-feature
75-->[com.google.android.gms:play-services-maps:18.2.0] AndroidManifest.xml:26:5-28:35
76        android:glEsVersion="0x00020000"
76-->[com.google.android.gms:play-services-maps:18.2.0] AndroidManifest.xml:27:9-41
77        android:required="true" />
77-->[com.google.android.gms:play-services-maps:18.2.0] AndroidManifest.xml:28:9-32
78
79    <uses-permission android:name="android.permission.WAKE_LOCK" /> <!-- Required by older versions of Google Play services to create IID tokens -->
79-->[com.google.firebase:firebase-messaging:24.0.1] AndroidManifest.xml:24:5-68
79-->[com.google.firebase:firebase-messaging:24.0.1] AndroidManifest.xml:24:22-65
80    <uses-permission android:name="com.google.android.c2dm.permission.RECEIVE" />
80-->[com.google.firebase:firebase-messaging:24.0.1] AndroidManifest.xml:26:5-82
80-->[com.google.firebase:firebase-messaging:24.0.1] AndroidManifest.xml:26:22-79
81    <uses-permission android:name="android.permission.FOREGROUND_SERVICE" />
81-->[androidx.work:work-runtime:2.7.1] AndroidManifest.xml:28:5-77
81-->[androidx.work:work-runtime:2.7.1] AndroidManifest.xml:28:22-74
82
83    <permission
83-->[androidx.core:core:1.12.0] AndroidManifest.xml:22:5-24:47
84        android:name="com.sih.rockfall.DYNAMIC_RECEIVER_NOT_EXPORTED_PERMISSION"
84-->[androidx.core:core:1.12.0] AndroidManifest.xml:23:9-81
85        android:protectionLevel="signature" />
85-->[androidx.core:core:1.12.0] AndroidManifest.xml:24:9-44
86
87    <uses-permission android:name="com.sih.rockfall.DYNAMIC_RECEIVER_NOT_EXPORTED_PERMISSION" />
87-->[androidx.core:core:1.12.0] AndroidManifest.xml:26:5-97
87-->[androidx.core:core:1.12.0] AndroidManifest.xml:26:22-94
88    <uses-permission android:name="com.google.android.finsky.permission.BIND_GET_INSTALL_REFERRER_SERVICE" />
88-->[com.android.installreferrer:installreferrer:2.2] AndroidManifest.xml:9:5-110
88-->[com.android.installreferrer:installreferrer:2.2] AndroidManifest.xml:9:22-107
89    <uses-permission android:name="com.google.android.providers.gsf.permission.READ_GSERVICES" />
89-->[io.nlopez.smartlocation:library:3.3.3] AndroidManifest.xml:15:5-98
89-->[io.nlopez.smartlocation:library:3.3.3] AndroidManifest.xml:15:22-95
90    <uses-permission android:name="com.google.android.gms.permission.ACTIVITY_RECOGNITION" /> <!-- for android -->
90-->[io.nlopez.smartlocation:library:3.3.3] AndroidManifest.xml:16:5-94
90-->[io.nlopez.smartlocation:library:3.3.3] AndroidManifest.xml:16:22-91
91    <!-- <uses-permission android:name="com.android.launcher.permission.READ_SETTINGS"/> -->
92    <!-- <uses-permission android:name="com.android.launcher.permission.WRITE_SETTINGS"/> -->
93    <!-- <uses-permission android:name="com.android.launcher.permission.INSTALL_SHORTCUT" /> -->
94    <!-- <uses-permission android:name="com.android.launcher.permission.UNINSTALL_SHORTCUT" /> -->
95    <!-- for Samsung -->
96    <uses-permission android:name="com.sec.android.provider.badge.permission.READ" />
96-->[me.leolin:ShortcutBadger:1.1.22] AndroidManifest.xml:19:5-86
96-->[me.leolin:ShortcutBadger:1.1.22] AndroidManifest.xml:19:22-83
97    <uses-permission android:name="com.sec.android.provider.badge.permission.WRITE" /> <!-- for htc -->
97-->[me.leolin:ShortcutBadger:1.1.22] AndroidManifest.xml:20:5-87
97-->[me.leolin:ShortcutBadger:1.1.22] AndroidManifest.xml:20:22-84
98    <uses-permission android:name="com.htc.launcher.permission.READ_SETTINGS" />
98-->[me.leolin:ShortcutBadger:1.1.22] AndroidManifest.xml:23:5-81
98-->[me.leolin:ShortcutBadger:1.1.22] AndroidManifest.xml:23:22-78
99    <uses-permission android:name="com.htc.launcher.permission.UPDATE_SHORTCUT" /> <!-- for sony -->
99-->[me.leolin:ShortcutBadger:1.1.22] AndroidManifest.xml:24:5-83
99-->[me.leolin:ShortcutBadger:1.1.22] AndroidManifest.xml:24:22-80
100    <uses-permission android:name="com.sonyericsson.home.permission.BROADCAST_BADGE" />
100-->[me.leolin:ShortcutBadger:1.1.22] AndroidManifest.xml:27:5-88
100-->[me.leolin:ShortcutBadger:1.1.22] AndroidManifest.xml:27:22-85
101    <uses-permission android:name="com.sonymobile.home.permission.PROVIDER_INSERT_BADGE" /> <!-- for apex -->
101-->[me.leolin:ShortcutBadger:1.1.22] AndroidManifest.xml:28:5-92
101-->[me.leolin:ShortcutBadger:1.1.22] AndroidManifest.xml:28:22-89
102    <uses-permission android:name="com.anddoes.launcher.permission.UPDATE_COUNT" /> <!-- for solid -->
102-->[me.leolin:ShortcutBadger:1.1.22] AndroidManifest.xml:31:5-84
102-->[me.leolin:ShortcutBadger:1.1.22] AndroidManifest.xml:31:22-81
103    <uses-permission android:name="com.majeur.launcher.permission.UPDATE_BADGE" /> <!-- for huawei -->
103-->[me.leolin:ShortcutBadger:1.1.22] AndroidManifest.xml:34:5-83
103-->[me.leolin:ShortcutBadger:1.1.22] AndroidManifest.xml:34:22-80
104    <uses-permission android:name="com.huawei.android.launcher.permission.CHANGE_BADGE" />
104-->[me.leolin:ShortcutBadger:1.1.22] AndroidManifest.xml:37:5-91
104-->[me.leolin:ShortcutBadger:1.1.22] AndroidManifest.xml:37:22-88
105    <uses-permission android:name="com.huawei.android.launcher.permission.READ_SETTINGS" />
105-->[me.leolin:ShortcutBadger:1.1.22] AndroidManifest.xml:38:5-92
105-->[me.leolin:ShortcutBadger:1.1.22] AndroidManifest.xml:38:22-89
106    <uses-permission android:name="com.huawei.android.launcher.permission.WRITE_SETTINGS" /> <!-- for ZUK -->
106-->[me.leolin:ShortcutBadger:1.1.22] AndroidManifest.xml:39:5-93
106-->[me.leolin:ShortcutBadger:1.1.22] AndroidManifest.xml:39:22-90
107    <uses-permission android:name="android.permission.READ_APP_BADGE" /> <!-- for OPPO -->
107-->[me.leolin:ShortcutBadger:1.1.22] AndroidManifest.xml:42:5-73
107-->[me.leolin:ShortcutBadger:1.1.22] AndroidManifest.xml:42:22-70
108    <uses-permission android:name="com.oppo.launcher.permission.READ_SETTINGS" />
108-->[me.leolin:ShortcutBadger:1.1.22] AndroidManifest.xml:45:5-82
108-->[me.leolin:ShortcutBadger:1.1.22] AndroidManifest.xml:45:22-79
109    <uses-permission android:name="com.oppo.launcher.permission.WRITE_SETTINGS" /> <!-- for EvMe -->
109-->[me.leolin:ShortcutBadger:1.1.22] AndroidManifest.xml:46:5-83
109-->[me.leolin:ShortcutBadger:1.1.22] AndroidManifest.xml:46:22-80
110    <uses-permission android:name="me.everything.badger.permission.BADGE_COUNT_READ" />
110-->[me.leolin:ShortcutBadger:1.1.22] AndroidManifest.xml:49:5-88
110-->[me.leolin:ShortcutBadger:1.1.22] AndroidManifest.xml:49:22-85
111    <uses-permission android:name="me.everything.badger.permission.BADGE_COUNT_WRITE" />
111-->[me.leolin:ShortcutBadger:1.1.22] AndroidManifest.xml:50:5-89
111-->[me.leolin:ShortcutBadger:1.1.22] AndroidManifest.xml:50:22-86
112
113    <application
113-->src/main/AndroidManifest.xml:18:3-36:17
114        android:name="com.sih.rockfall.MainApplication"
114-->src/main/AndroidManifest.xml:18:16-47
115        android:allowBackup="true"
115-->src/main/AndroidManifest.xml:18:162-188
116        android:appComponentFactory="androidx.core.app.CoreComponentFactory"
116-->[androidx.core:core:1.12.0] AndroidManifest.xml:28:18-86
117        android:debuggable="true"
118        android:extractNativeLibs="false"
119        android:icon="@mipmap/ic_launcher"
119-->src/main/AndroidManifest.xml:18:81-115
120        android:label="@string/app_name"
120-->src/main/AndroidManifest.xml:18:48-80
121        android:roundIcon="@mipmap/ic_launcher_round"
121-->src/main/AndroidManifest.xml:18:116-161
122        android:theme="@style/AppTheme"
122-->src/main/AndroidManifest.xml:18:189-220
123        android:usesCleartextTraffic="true" >
123-->src/main/AndroidManifest.xml:18:221-256
124        <meta-data
124-->src/main/AndroidManifest.xml:19:5-83
125            android:name="expo.modules.updates.ENABLED"
125-->src/main/AndroidManifest.xml:19:16-59
126            android:value="false" />
126-->src/main/AndroidManifest.xml:19:60-81
127        <meta-data
127-->src/main/AndroidManifest.xml:20:5-105
128            android:name="expo.modules.updates.EXPO_UPDATES_CHECK_ON_LAUNCH"
128-->src/main/AndroidManifest.xml:20:16-80
129            android:value="ALWAYS" />
129-->src/main/AndroidManifest.xml:20:81-103
130        <meta-data
130-->src/main/AndroidManifest.xml:21:5-99
131            android:name="expo.modules.updates.EXPO_UPDATES_LAUNCH_WAIT_MS"
131-->src/main/AndroidManifest.xml:21:16-79
132            android:value="0" />
132-->src/main/AndroidManifest.xml:21:80-97
133
134        <activity
134-->src/main/AndroidManifest.xml:22:5-34:16
135            android:name="com.sih.rockfall.MainActivity"
135-->src/main/AndroidManifest.xml:22:15-43
136            android:configChanges="keyboard|keyboardHidden|orientation|screenSize|screenLayout|uiMode"
136-->src/main/AndroidManifest.xml:22:44-134
137            android:exported="true"
137-->src/main/AndroidManifest.xml:22:256-279
138            android:launchMode="singleTask"
138-->src/main/AndroidManifest.xml:22:135-166
139            android:screenOrientation="portrait"
139-->src/main/AndroidManifest.xml:22:280-316
140            android:theme="@style/Theme.App.SplashScreen"
140-->src/main/AndroidManifest.xml:22:210-255
141            android:windowSoftInputMode="adjustResize" >
141-->src/main/AndroidManifest.xml:22:167-209
142            <intent-filter>
142-->src/main/AndroidManifest.xml:23:7-26:23
143                <action android:name="android.intent.action.MAIN" />
143-->src/main/AndroidManifest.xml:24:9-60
143-->src/main/AndroidManifest.xml:24:17-58
144
145                <category android:name="android.intent.category.LAUNCHER" />
145-->src/main/AndroidManifest.xml:25:9-68
145-->src/main/AndroidManifest.xml:25:19-66
146            </intent-filter>
147            <intent-filter>
147-->src/main/AndroidManifest.xml:27:7-33:23
148                <action android:name="android.intent.action.VIEW" />
148-->src/main/AndroidManifest.xml:13:7-58
148-->src/main/AndroidManifest.xml:13:15-56
149
150                <category android:name="android.intent.category.DEFAULT" />
150-->src/main/AndroidManifest.xml:29:9-67
150-->src/main/AndroidManifest.xml:29:19-65
151                <category android:name="android.intent.category.BROWSABLE" />
151-->src/main/AndroidManifest.xml:14:7-67
151-->src/main/AndroidManifest.xml:14:17-65
152
153                <data android:scheme="sih" />
153-->src/main/AndroidManifest.xml:15:7-37
153-->src/main/AndroidManifest.xml:15:13-35
154                <data android:scheme="com.sih.rockfall" />
154-->src/main/AndroidManifest.xml:15:7-37
154-->src/main/AndroidManifest.xml:15:13-35
155            </intent-filter>
156        </activity>
157        <activity
157-->src/main/AndroidManifest.xml:35:5-106
158            android:name="com.facebook.react.devsupport.DevSettingsActivity"
158-->src/main/AndroidManifest.xml:35:15-79
159            android:exported="false" />
159-->src/main/AndroidManifest.xml:35:80-104
160
161        <provider
161-->[:react-native-webview] AndroidManifest.xml:20:9-28:20
162            android:name="com.reactnativecommunity.webview.RNCWebViewFileProvider"
162-->[:react-native-webview] AndroidManifest.xml:21:13-83
163            android:authorities="com.sih.rockfall.fileprovider"
163-->[:react-native-webview] AndroidManifest.xml:22:13-64
164            android:exported="false"
164-->[:react-native-webview] AndroidManifest.xml:23:13-37
165            android:grantUriPermissions="true" >
165-->[:react-native-webview] AndroidManifest.xml:24:13-47
166            <meta-data
166-->[:react-native-webview] AndroidManifest.xml:25:13-27:63
167                android:name="android.support.FILE_PROVIDER_PATHS"
167-->[:react-native-webview] AndroidManifest.xml:26:17-67
168                android:resource="@xml/file_provider_paths" />
168-->[:react-native-webview] AndroidManifest.xml:27:17-60
169        </provider>
170        <provider
170-->[:expo-file-system] AndroidManifest.xml:21:9-30:20
171            android:name="expo.modules.filesystem.FileSystemFileProvider"
171-->[:expo-file-system] AndroidManifest.xml:22:13-74
172            android:authorities="com.sih.rockfall.FileSystemFileProvider"
172-->[:expo-file-system] AndroidManifest.xml:23:13-74
173            android:exported="false"
173-->[:expo-file-system] AndroidManifest.xml:24:13-37
174            android:grantUriPermissions="true" >
174-->[:expo-file-system] AndroidManifest.xml:25:13-47
175            <meta-data
175-->[:react-native-webview] AndroidManifest.xml:25:13-27:63
176                android:name="android.support.FILE_PROVIDER_PATHS"
176-->[:react-native-webview] AndroidManifest.xml:26:17-67
177                android:resource="@xml/file_system_provider_paths" />
177-->[:react-native-webview] AndroidManifest.xml:27:17-60
178        </provider>
179
180        <service
180-->[:expo-image-picker] AndroidManifest.xml:28:9-40:19
181            android:name="com.google.android.gms.metadata.ModuleDependencies"
181-->[:expo-image-picker] AndroidManifest.xml:29:13-78
182            android:enabled="false"
182-->[:expo-image-picker] AndroidManifest.xml:30:13-36
183            android:exported="false" >
183-->[:expo-image-picker] AndroidManifest.xml:31:13-37
184            <intent-filter>
184-->[:expo-image-picker] AndroidManifest.xml:33:13-35:29
185                <action android:name="com.google.android.gms.metadata.MODULE_DEPENDENCIES" />
185-->[:expo-image-picker] AndroidManifest.xml:34:17-94
185-->[:expo-image-picker] AndroidManifest.xml:34:25-91
186            </intent-filter>
187
188            <meta-data
188-->[:expo-image-picker] AndroidManifest.xml:37:13-39:36
189                android:name="photopicker_activity:0:required"
189-->[:expo-image-picker] AndroidManifest.xml:38:17-63
190                android:value="" />
190-->[:expo-image-picker] AndroidManifest.xml:39:17-33
191        </service>
192
193        <activity
193-->[:expo-image-picker] AndroidManifest.xml:42:9-44:59
194            android:name="com.canhub.cropper.CropImageActivity"
194-->[:expo-image-picker] AndroidManifest.xml:43:13-64
195            android:exported="true"
195-->[com.github.CanHub:Android-Image-Cropper:4.3.1] AndroidManifest.xml:35:13-36
196            android:theme="@style/Base.Theme.AppCompat" /> <!-- https://developer.android.com/guide/topics/manifest/provider-element.html -->
196-->[:expo-image-picker] AndroidManifest.xml:44:13-56
197        <provider
197-->[:expo-image-picker] AndroidManifest.xml:46:9-54:20
198            android:name="expo.modules.imagepicker.fileprovider.ImagePickerFileProvider"
198-->[:expo-image-picker] AndroidManifest.xml:47:13-89
199            android:authorities="com.sih.rockfall.ImagePickerFileProvider"
199-->[:expo-image-picker] AndroidManifest.xml:48:13-75
200            android:exported="false"
200-->[:expo-image-picker] AndroidManifest.xml:49:13-37
201            android:grantUriPermissions="true" >
201-->[:expo-image-picker] AndroidManifest.xml:50:13-47
202            <meta-data
202-->[:react-native-webview] AndroidManifest.xml:25:13-27:63
203                android:name="android.support.FILE_PROVIDER_PATHS"
203-->[:react-native-webview] AndroidManifest.xml:26:17-67
204                android:resource="@xml/image_picker_provider_paths" />
204-->[:react-native-webview] AndroidManifest.xml:27:17-60
205        </provider>
206
207        <service
207-->[:expo-location] AndroidManifest.xml:11:9-14:56
208            android:name="expo.modules.location.services.LocationTaskService"
208-->[:expo-location] AndroidManifest.xml:12:13-78
209            android:exported="false"
209-->[:expo-location] AndroidManifest.xml:13:13-37
210            android:foregroundServiceType="location" />
210-->[:expo-location] AndroidManifest.xml:14:13-53
211        <service
211-->[:expo-notifications] AndroidManifest.xml:11:9-17:19
212            android:name="expo.modules.notifications.service.ExpoFirebaseMessagingService"
212-->[:expo-notifications] AndroidManifest.xml:12:13-91
213            android:exported="false" >
213-->[:expo-notifications] AndroidManifest.xml:13:13-37
214            <intent-filter android:priority="-1" >
214-->[:expo-notifications] AndroidManifest.xml:14:13-16:29
214-->[:expo-notifications] AndroidManifest.xml:14:28-49
215                <action android:name="com.google.firebase.MESSAGING_EVENT" />
215-->[:expo-notifications] AndroidManifest.xml:15:17-78
215-->[:expo-notifications] AndroidManifest.xml:15:25-75
216            </intent-filter>
217        </service>
218
219        <receiver
219-->[:expo-notifications] AndroidManifest.xml:19:9-31:20
220            android:name="expo.modules.notifications.service.NotificationsService"
220-->[:expo-notifications] AndroidManifest.xml:20:13-83
221            android:enabled="true"
221-->[:expo-notifications] AndroidManifest.xml:21:13-35
222            android:exported="false" >
222-->[:expo-notifications] AndroidManifest.xml:22:13-37
223            <intent-filter android:priority="-1" >
223-->[:expo-notifications] AndroidManifest.xml:23:13-30:29
223-->[:expo-notifications] AndroidManifest.xml:23:28-49
224                <action android:name="expo.modules.notifications.NOTIFICATION_EVENT" />
224-->[:expo-notifications] AndroidManifest.xml:24:17-88
224-->[:expo-notifications] AndroidManifest.xml:24:25-85
225                <action android:name="android.intent.action.BOOT_COMPLETED" />
225-->[:expo-notifications] AndroidManifest.xml:25:17-79
225-->[:expo-notifications] AndroidManifest.xml:25:25-76
226                <action android:name="android.intent.action.REBOOT" />
226-->[:expo-notifications] AndroidManifest.xml:26:17-71
226-->[:expo-notifications] AndroidManifest.xml:26:25-68
227                <action android:name="android.intent.action.QUICKBOOT_POWERON" />
227-->[:expo-notifications] AndroidManifest.xml:27:17-82
227-->[:expo-notifications] AndroidManifest.xml:27:25-79
228                <action android:name="com.htc.intent.action.QUICKBOOT_POWERON" />
228-->[:expo-notifications] AndroidManifest.xml:28:17-82
228-->[:expo-notifications] AndroidManifest.xml:28:25-79
229                <action android:name="android.intent.action.MY_PACKAGE_REPLACED" />
229-->[:expo-notifications] AndroidManifest.xml:29:17-84
229-->[:expo-notifications] AndroidManifest.xml:29:25-81
230            </intent-filter>
231        </receiver>
232
233        <activity
233-->[:expo-notifications] AndroidManifest.xml:33:9-40:75
234            android:name="expo.modules.notifications.service.NotificationForwarderActivity"
234-->[:expo-notifications] AndroidManifest.xml:34:13-92
235            android:excludeFromRecents="true"
235-->[:expo-notifications] AndroidManifest.xml:35:13-46
236            android:exported="false"
236-->[:expo-notifications] AndroidManifest.xml:36:13-37
237            android:launchMode="standard"
237-->[:expo-notifications] AndroidManifest.xml:37:13-42
238            android:noHistory="true"
238-->[:expo-notifications] AndroidManifest.xml:38:13-37
239            android:taskAffinity=""
239-->[:expo-notifications] AndroidManifest.xml:39:13-36
240            android:theme="@android:style/Theme.Translucent.NoTitleBar" />
240-->[:expo-notifications] AndroidManifest.xml:40:13-72
241
242        <meta-data
242-->[:expo-modules-core] AndroidManifest.xml:9:9-11:89
243            android:name="org.unimodules.core.AppLoader#react-native-headless"
243-->[:expo-modules-core] AndroidManifest.xml:10:13-79
244            android:value="expo.modules.adapters.react.apploader.RNHeadlessAppLoader" />
244-->[:expo-modules-core] AndroidManifest.xml:11:13-86
245        <meta-data
245-->[:expo-modules-core] AndroidManifest.xml:12:9-15:45
246            android:name="com.facebook.soloader.enabled"
246-->[:expo-modules-core] AndroidManifest.xml:13:13-57
247            android:value="true" />
247-->[:expo-modules-core] AndroidManifest.xml:14:13-33
248
249        <uses-library
249-->[androidx.camera:camera-extensions:1.4.0-beta02] AndroidManifest.xml:29:9-31:40
250            android:name="androidx.camera.extensions.impl"
250-->[androidx.camera:camera-extensions:1.4.0-beta02] AndroidManifest.xml:30:13-59
251            android:required="false" />
251-->[androidx.camera:camera-extensions:1.4.0-beta02] AndroidManifest.xml:31:13-37
252
253        <service
253-->[androidx.camera:camera-camera2:1.4.0-beta02] AndroidManifest.xml:24:9-33:19
254            android:name="androidx.camera.core.impl.MetadataHolderService"
254-->[androidx.camera:camera-camera2:1.4.0-beta02] AndroidManifest.xml:25:13-75
255            android:enabled="false"
255-->[androidx.camera:camera-camera2:1.4.0-beta02] AndroidManifest.xml:26:13-36
256            android:exported="false" >
256-->[androidx.camera:camera-camera2:1.4.0-beta02] AndroidManifest.xml:27:13-37
257            <meta-data
257-->[androidx.camera:camera-camera2:1.4.0-beta02] AndroidManifest.xml:30:13-32:89
258                android:name="androidx.camera.core.impl.MetadataHolderService.DEFAULT_CONFIG_PROVIDER"
258-->[androidx.camera:camera-camera2:1.4.0-beta02] AndroidManifest.xml:31:17-103
259                android:value="androidx.camera.camera2.Camera2Config$DefaultProvider" />
259-->[androidx.camera:camera-camera2:1.4.0-beta02] AndroidManifest.xml:32:17-86
260        </service>
261
262        <provider
262-->[com.github.CanHub:Android-Image-Cropper:4.3.1] AndroidManifest.xml:23:9-31:20
263            android:name="com.canhub.cropper.CropFileProvider"
263-->[com.github.CanHub:Android-Image-Cropper:4.3.1] AndroidManifest.xml:24:13-63
264            android:authorities="com.sih.rockfall.cropper.fileprovider"
264-->[com.github.CanHub:Android-Image-Cropper:4.3.1] AndroidManifest.xml:25:13-72
265            android:exported="false"
265-->[com.github.CanHub:Android-Image-Cropper:4.3.1] AndroidManifest.xml:26:13-37
266            android:grantUriPermissions="true" >
266-->[com.github.CanHub:Android-Image-Cropper:4.3.1] AndroidManifest.xml:27:13-47
267            <meta-data
267-->[:react-native-webview] AndroidManifest.xml:25:13-27:63
268                android:name="android.support.FILE_PROVIDER_PATHS"
268-->[:react-native-webview] AndroidManifest.xml:26:17-67
269                android:resource="@xml/library_file_paths" />
269-->[:react-native-webview] AndroidManifest.xml:27:17-60
270        </provider>
271
272        <meta-data
272-->[com.google.maps.android:android-maps-utils:3.8.2] AndroidManifest.xml:8:9-10:69
273            android:name="com.google.android.gms.version"
273-->[com.google.maps.android:android-maps-utils:3.8.2] AndroidManifest.xml:9:13-58
274            android:value="@integer/google_play_services_version" /> <!-- Needs to be explicitly declared on P+ -->
274-->[com.google.maps.android:android-maps-utils:3.8.2] AndroidManifest.xml:10:13-66
275        <uses-library
275-->[com.google.android.gms:play-services-maps:18.2.0] AndroidManifest.xml:39:9-41:40
276            android:name="org.apache.http.legacy"
276-->[com.google.android.gms:play-services-maps:18.2.0] AndroidManifest.xml:40:13-50